This file contains any messages produced by compilers while
running configure, to aid debugging if configure makes a mistake.

It was created by RcppDist configure 0.1.0, which was
generated by GNU Autoconf 2.69.  Invocation command line was

  $ ./configure 

## --------- ##
## Platform. ##
## --------- ##

hostname = SUN1018225
uname -m = arm64
uname -r = 24.3.0
uname -s = Darwin
uname -v = Darwin Kernel Version 24.3.0: Thu Jan  2 20:24:16 PST 2025; root:xnu-11215.81.4~3/RELEASE_ARM64_T6000

/usr/bin/uname -p = arm
/bin/uname -X     = unknown

/bin/arch              = unknown
/usr/bin/arch -k       = unknown
/usr/convex/getsysinfo = unknown
/usr/bin/hostinfo      = Mach kernel version:
	 Darwin Kernel Version 24.3.0: Thu Jan  2 20:24:16 PST 2025; root:xnu-11215.81.4~3/RELEASE_ARM64_T6000
Kernel configured for up to 10 processors.
10 processors are physically available.
10 processors are logically available.
Processor type: arm64e (ARM64E)
Processors active: 0 1 2 3 4 5 6 7 8 9
Primary memory available: 64.00 gigabytes
Default processor set: 1002 tasks, 5399 threads, 10 processors
Load average: 6.76, Mach factor: 4.21
/bin/machine           = unknown
/usr/bin/oslevel       = unknown
/bin/universe          = unknown

PATH: /opt/R/arm64/bin
PATH: /opt/homebrew/bin
PATH: /opt/homebrew/sbin
PATH: /usr/local/bin
PATH: /System/Cryptexes/App/usr/bin
PATH: /usr/bin
PATH: /bin
PATH: /usr/sbin
PATH: /sbin
PATH: /var/run/com.apple.security.cryptexd/codex.system/bootstrap/usr/local/bin
PATH: /var/run/com.apple.security.cryptexd/codex.system/bootstrap/usr/bin
PATH: /var/run/com.apple.security.cryptexd/codex.system/bootstrap/usr/appleinternal/bin
PATH: /opt/X11/bin
PATH: /Library/Apple/usr/bin
PATH: /Library/TeX/texbin
PATH: /usr/ucb
PATH: /opt/gfortran/bin
PATH: /usr/local/bin/
PATH: /Users/matthewdenwood/.cargo/bin
PATH: /Applications/quarto/bin
PATH: /usr/texbin
PATH: /Applications/RStudio.app/Contents/Resources/app/quarto/bin
PATH: /Applications/RStudio.app/Contents/Resources/app/bin/postback


## ----------- ##
## Core tests. ##
## ----------- ##

configure:1898: checking for C++ compiler version
configure:1907: clang++ -arch arm64 -std=gnu++17 --version >&5
Apple clang version 16.0.0 (clang-1600.0.26.6)
Target: arm64-apple-darwin24.3.0
Thread model: posix
InstalledDir: /Applications/Xcode.app/Contents/Developer/Toolchains/XcodeDefault.xctoolchain/usr/bin
configure:1918: $? = 0
configure:1907: clang++ -arch arm64 -std=gnu++17 -v >&5
Apple clang version 16.0.0 (clang-1600.0.26.6)
Target: arm64-apple-darwin24.3.0
Thread model: posix
InstalledDir: /Applications/Xcode.app/Contents/Developer/Toolchains/XcodeDefault.xctoolchain/usr/bin
configure:1918: $? = 0
configure:1907: clang++ -arch arm64 -std=gnu++17 -V >&5
clang++: error: argument to '-V' is missing (expected 1 value)
clang++: error: no input files
configure:1918: $? = 1
configure:1907: clang++ -arch arm64 -std=gnu++17 -qversion >&5
clang++: error: unknown argument '-qversion'; did you mean '--version'?
clang++: error: no input files
configure:1918: $? = 1
configure:1938: checking whether the C++ compiler works
configure:1960: clang++ -arch arm64 -std=gnu++17 -falign-functions=64 -Wall -g -O2 -I/opt/R/arm64/include -L/opt/R/arm64/lib conftest.cpp  >&5
configure:1964: $? = 0
configure:2012: result: yes
configure:2015: checking for C++ compiler default output file name
configure:2017: result: a.out
configure:2023: checking for suffix of executables
configure:2030: clang++ -arch arm64 -std=gnu++17 -o conftest -falign-functions=64 -Wall -g -O2 -I/opt/R/arm64/include -L/opt/R/arm64/lib conftest.cpp  >&5
configure:2034: $? = 0
configure:2056: result: 
configure:2078: checking whether we are cross compiling
configure:2086: clang++ -arch arm64 -std=gnu++17 -o conftest -falign-functions=64 -Wall -g -O2 -I/opt/R/arm64/include -L/opt/R/arm64/lib conftest.cpp  >&5
configure:2090: $? = 0
configure:2097: ./conftest
configure:2101: $? = 0
configure:2116: result: no
configure:2121: checking for suffix of object files
configure:2143: clang++ -arch arm64 -std=gnu++17 -c -falign-functions=64 -Wall -g -O2 -I/opt/R/arm64/include conftest.cpp >&5
configure:2147: $? = 0
configure:2168: result: o
configure:2172: checking whether we are using the GNU C++ compiler
configure:2191: clang++ -arch arm64 -std=gnu++17 -c -falign-functions=64 -Wall -g -O2 -I/opt/R/arm64/include conftest.cpp >&5
configure:2191: $? = 0
configure:2200: result: yes
configure:2209: checking whether clang++ -arch arm64 -std=gnu++17 accepts -g
configure:2229: clang++ -arch arm64 -std=gnu++17 -c -g -I/opt/R/arm64/include conftest.cpp >&5
configure:2229: $? = 0
configure:2270: result: yes
configure:2299: checking how to run the C++ preprocessor
configure:2326: clang++ -arch arm64 -std=gnu++17 -E -I/opt/R/arm64/include conftest.cpp
configure:2326: $? = 0
configure:2340: clang++ -arch arm64 -std=gnu++17 -E -I/opt/R/arm64/include conftest.cpp
conftest.cpp:9:10: fatal error: 'ac_nonexistent.h' file not found
    9 | #include <ac_nonexistent.h>
      |          ^~~~~~~~~~~~~~~~~~
1 error generated.
configure:2340: $? = 1
configure: failed program was:
| /* confdefs.h */
| #define PACKAGE_NAME "RcppDist"
| #define PACKAGE_TARNAME "rcppdist"
| #define PACKAGE_VERSION "0.1.0"
| #define PACKAGE_STRING "RcppDist 0.1.0"
| #define PACKAGE_BUGREPORT ""
| #define PACKAGE_URL ""
| /* end confdefs.h.  */
| #include <ac_nonexistent.h>
configure:2365: result: clang++ -arch arm64 -std=gnu++17 -E
configure:2385: clang++ -arch arm64 -std=gnu++17 -E -I/opt/R/arm64/include conftest.cpp
configure:2385: $? = 0
configure:2399: clang++ -arch arm64 -std=gnu++17 -E -I/opt/R/arm64/include conftest.cpp
conftest.cpp:9:10: fatal error: 'ac_nonexistent.h' file not found
    9 | #include <ac_nonexistent.h>
      |          ^~~~~~~~~~~~~~~~~~
1 error generated.
configure:2399: $? = 1
configure: failed program was:
| /* confdefs.h */
| #define PACKAGE_NAME "RcppDist"
| #define PACKAGE_TARNAME "rcppdist"
| #define PACKAGE_VERSION "0.1.0"
| #define PACKAGE_STRING "RcppDist 0.1.0"
| #define PACKAGE_BUGREPORT ""
| #define PACKAGE_URL ""
| /* end confdefs.h.  */
| #include <ac_nonexistent.h>
configure:2436: checking for macOS
configure:2440: result: found
configure:2442: WARNING: OpenMP unavailable and turned off.
configure:2622: creating ./config.status

## ---------------------- ##
## Running config.status. ##
## ---------------------- ##

This file was extended by RcppDist config.status 0.1.0, which was
generated by GNU Autoconf 2.69.  Invocation command line was

  CONFIG_FILES    = 
  CONFIG_HEADERS  = 
  CONFIG_LINKS    = 
  CONFIG_COMMANDS = 
  $ ./config.status 

on SUN1018225

config.status:722: creating src/Makevars

## ---------------- ##
## Cache variables. ##
## ---------------- ##

ac_cv_cxx_compiler_gnu=yes
ac_cv_env_CCC_set=
ac_cv_env_CCC_value=
ac_cv_env_CPPFLAGS_set=set
ac_cv_env_CPPFLAGS_value=-I/opt/R/arm64/include
ac_cv_env_CXXCPP_set=
ac_cv_env_CXXCPP_value=
ac_cv_env_CXXFLAGS_set=set
ac_cv_env_CXXFLAGS_value='-falign-functions=64 -Wall -g -O2'
ac_cv_env_CXX_set=set
ac_cv_env_CXX_value='clang++ -arch arm64 -std=gnu++17'
ac_cv_env_LDFLAGS_set=set
ac_cv_env_LDFLAGS_value=-L/opt/R/arm64/lib
ac_cv_env_LIBS_set=
ac_cv_env_LIBS_value=
ac_cv_env_build_alias_set=
ac_cv_env_build_alias_value=
ac_cv_env_host_alias_set=
ac_cv_env_host_alias_value=
ac_cv_env_target_alias_set=
ac_cv_env_target_alias_value=
ac_cv_objext=o
ac_cv_prog_CXXCPP='clang++ -arch arm64 -std=gnu++17 -E'
ac_cv_prog_cxx_g=yes

## ----------------- ##
## Output variables. ##
## ----------------- ##

CPPFLAGS='-I/opt/R/arm64/include'
CXX='clang++ -arch arm64 -std=gnu++17'
CXXCPP='clang++ -arch arm64 -std=gnu++17 -E'
CXXFLAGS='-falign-functions=64 -Wall -g -O2'
DEFS='-DPACKAGE_NAME=\"RcppDist\" -DPACKAGE_TARNAME=\"rcppdist\" -DPACKAGE_VERSION=\"0.1.0\" -DPACKAGE_STRING=\"RcppDist\ 0.1.0\" -DPACKAGE_BUGREPORT=\"\" -DPACKAGE_URL=\"\"'
ECHO_C='\c'
ECHO_N=''
ECHO_T=''
EXEEXT=''
LDFLAGS='-L/opt/R/arm64/lib'
LIBOBJS=''
LIBS=''
LTLIBOBJS=''
OBJEXT='o'
OPENMP_CFLAG=''
OPENMP_FLAG='-DARMA_DONT_USE_OPENMP'
PACKAGE_BUGREPORT=''
PACKAGE_NAME='RcppDist'
PACKAGE_STRING='RcppDist 0.1.0'
PACKAGE_TARNAME='rcppdist'
PACKAGE_URL=''
PACKAGE_VERSION='0.1.0'
PATH_SEPARATOR=':'
SHELL='/bin/sh'
ac_ct_CXX=''
bindir='${exec_prefix}/bin'
build_alias=''
datadir='${datarootdir}'
datarootdir='${prefix}/share'
docdir='${datarootdir}/doc/${PACKAGE_TARNAME}'
dvidir='${docdir}'
exec_prefix='${prefix}'
host_alias=''
htmldir='${docdir}'
includedir='${prefix}/include'
infodir='${datarootdir}/info'
libdir='${exec_prefix}/lib'
libexecdir='${exec_prefix}/libexec'
localedir='${datarootdir}/locale'
localstatedir='${prefix}/var'
mandir='${datarootdir}/man'
oldincludedir='/usr/include'
pdfdir='${docdir}'
prefix='/usr/local'
program_transform_name='s,x,x,'
psdir='${docdir}'
sbindir='${exec_prefix}/sbin'
sharedstatedir='${prefix}/com'
sysconfdir='${prefix}/etc'
target_alias=''

## ----------- ##
## confdefs.h. ##
## ----------- ##

/* confdefs.h */
#define PACKAGE_NAME "RcppDist"
#define PACKAGE_TARNAME "rcppdist"
#define PACKAGE_VERSION "0.1.0"
#define PACKAGE_STRING "RcppDist 0.1.0"
#define PACKAGE_BUGREPORT ""
#define PACKAGE_URL ""

configure: exit 0
